[00:39:18] [main/INFO] [GradleStart]: No arguments specified, assuming client.
[00:39:18] [main/INFO] [GradleStart]: Extra: []
[00:39:18] [main/INFO] [GradleStart]: Running with arguments: [--userProperties, {}, --tweakClass, cpw.mods.fml.common.launcher.FMLTweaker, --accessToken, {REDACTED}, --assetIndex, 1.7.10, --assetsDir, C:/Users/TJ/.gradle/caches/minecraft/assets, --version, 1.7.10]
[00:39:19] [main/INFO] [LaunchWrapper]: Loading tweak class name cpw.mods.fml.common.launcher.FMLTweaker
[00:39:19] [main/INFO] [LaunchWrapper]: Using primary tweak class name cpw.mods.fml.common.launcher.FMLTweaker
[00:39:19] [main/INFO] [LaunchWrapper]: Calling tweak class cpw.mods.fml.common.launcher.FMLTweaker
[00:59:43] [main/INFO] [GradleStart]: No arguments specified, assuming client.
[00:59:43] [main/INFO] [GradleStart]: Extra: []
[00:59:43] [main/INFO] [GradleStart]: Running with arguments: [--userProperties, {}, --tweakClass, cpw.mods.fml.common.launcher.FMLTweaker, --accessToken, {REDACTED}, --assetIndex, 1.7.10, --assetsDir, C:/Users/TJ/.gradle/caches/minecraft/assets, --version, 1.7.10]
[00:59:44] [main/INFO] [LaunchWrapper]: Loading tweak class name cpw.mods.fml.common.launcher.FMLTweaker
[00:59:44] [main/INFO] [LaunchWrapper]: Using primary tweak class name cpw.mods.fml.common.launcher.FMLTweaker
[00:59:44] [main/INFO] [LaunchWrapper]: Calling tweak class cpw.mods.fml.common.launcher.FMLTweaker
[01:01:35] [main/INFO] [GradleStart]: No arguments specified, assuming client.
[01:01:35] [main/INFO] [GradleStart]: Extra: []
[01:01:35] [main/INFO] [GradleStart]: Running with arguments: [--userProperties, {}, --tweakClass, cpw.mods.fml.common.launcher.FMLTweaker, --accessToken, {REDACTED}, --assetIndex, 1.7.10, --assetsDir, C:/Users/TJ/.gradle/caches/minecraft/assets, --version, 1.7.10]
[01:01:35] [main/INFO] [LaunchWrapper]: Loading tweak class name cpw.mods.fml.common.launcher.FMLTweaker
[01:01:35] [main/INFO] [LaunchWrapper]: Using primary tweak class name cpw.mods.fml.common.launcher.FMLTweaker
[01:01:35] [main/INFO] [LaunchWrapper]: Calling tweak class cpw.mods.fml.common.launcher.FMLTweaker
[01:06:54] [main/INFO] [GradleStart]: No arguments specified, assuming client.
[01:06:54] [main/INFO] [GradleStart]: Extra: []
[01:06:54] [main/INFO] [GradleStart]: Running with arguments: [--userProperties, {}, --tweakClass, cpw.mods.fml.common.launcher.FMLTweaker, --accessToken, {REDACTED}, --assetIndex, 1.7.10, --assetsDir, C:/Users/TJ/.gradle/caches/minecraft/assets, --version, 1.7.10]
[01:06:54] [main/INFO] [LaunchWrapper]: Loading tweak class name cpw.mods.fml.common.launcher.FMLTweaker
[01:06:54] [main/INFO] [LaunchWrapper]: Using primary tweak class name cpw.mods.fml.common.launcher.FMLTweaker
[01:06:54] [main/INFO] [LaunchWrapper]: Calling tweak class cpw.mods.fml.common.launcher.FMLTweaker
[01:08:01] [main/INFO] [GradleStart]: No arguments specified, assuming client.
[01:08:01] [main/INFO] [GradleStart]: Extra: []
[01:08:01] [main/INFO] [GradleStart]: Running with arguments: [--userProperties, {}, --tweakClass, cpw.mods.fml.common.launcher.FMLTweaker, --accessToken, {REDACTED}, --assetIndex, 1.7.10, --assetsDir, C:/Users/TJ/.gradle/caches/minecraft/assets, --version, 1.7.10]
[01:08:01] [main/INFO] [LaunchWrapper]: Loading tweak class name cpw.mods.fml.common.launcher.FMLTweaker
[01:08:01] [main/INFO] [LaunchWrapper]: Using primary tweak class name cpw.mods.fml.common.launcher.FMLTweaker
[01:08:01] [main/INFO] [LaunchWrapper]: Calling tweak class cpw.mods.fml.common.launcher.FMLTweaker
[01:18:12] [main/INFO] [GradleStart]: No arguments specified, assuming client.
[01:18:12] [main/INFO] [GradleStart]: Extra: []
[01:18:12] [main/INFO] [GradleStart]: Running with arguments: [--userProperties, {}, --tweakClass, cpw.mods.fml.common.launcher.FMLTweaker, --accessToken, {REDACTED}, --assetIndex, 1.7.10, --assetsDir, C:/Users/TJ/.gradle/caches/minecraft/assets, --version, 1.7.10]
[01:18:12] [main/INFO] [LaunchWrapper]: Loading tweak class name cpw.mods.fml.common.launcher.FMLTweaker
[01:18:12] [main/INFO] [LaunchWrapper]: Using primary tweak class name cpw.mods.fml.common.launcher.FMLTweaker
[01:18:12] [main/INFO] [LaunchWrapper]: Calling tweak class cpw.mods.fml.common.launcher.FMLTweaker
[01:19:53] [main/INFO] [GradleStart]: No arguments specified, assuming client.
[01:19:53] [main/INFO] [GradleStart]: Extra: []
[01:19:53] [main/INFO] [GradleStart]: Running with arguments: [--userProperties, {}, --tweakClass, cpw.mods.fml.common.launcher.FMLTweaker, --accessToken, {REDACTED}, --assetIndex, 1.7.10, --assetsDir, C:/Users/TJ/.gradle/caches/minecraft/assets, --version, 1.7.10]
[01:19:53] [main/INFO] [LaunchWrapper]: Loading tweak class name cpw.mods.fml.common.launcher.FMLTweaker
[01:19:53] [main/INFO] [LaunchWrapper]: Using primary tweak class name cpw.mods.fml.common.launcher.FMLTweaker
[01:19:53] [main/INFO] [LaunchWrapper]: Calling tweak class cpw.mods.fml.common.launcher.FMLTweaker
[01:28:02] [main/INFO] [GradleStart]: No arguments specified, assuming client.
[01:28:03] [main/INFO] [GradleStart]: Extra: []
[01:28:03] [main/INFO] [GradleStart]: Running with arguments: [--userProperties, {}, --tweakClass, cpw.mods.fml.common.launcher.FMLTweaker, --accessToken, {REDACTED}, --assetIndex, 1.7.10, --assetsDir, C:/Users/TJ/.gradle/caches/minecraft/assets, --version, 1.7.10]
[01:28:03] [main/INFO] [LaunchWrapper]: Loading tweak class name cpw.mods.fml.common.launcher.FMLTweaker
[01:28:03] [main/INFO] [LaunchWrapper]: Using primary tweak class name cpw.mods.fml.common.launcher.FMLTweaker
[01:28:03] [main/INFO] [LaunchWrapper]: Calling tweak class cpw.mods.fml.common.launcher.FMLTweaker
[01:31:01] [main/INFO] [GradleStart]: No arguments specified, assuming client.
[01:31:01] [main/INFO] [GradleStart]: Extra: []
[01:31:01] [main/INFO] [GradleStart]: Running with arguments: [--userProperties, {}, --tweakClass, cpw.mods.fml.common.launcher.FMLTweaker, --accessToken, {REDACTED}, --assetIndex, 1.7.10, --assetsDir, C:/Users/TJ/.gradle/caches/minecraft/assets, --version, 1.7.10]
[01:31:01] [main/INFO] [LaunchWrapper]: Loading tweak class name cpw.mods.fml.common.launcher.FMLTweaker
[01:31:01] [main/INFO] [LaunchWrapper]: Using primary tweak class name cpw.mods.fml.common.launcher.FMLTweaker
[01:31:01] [main/INFO] [LaunchWrapper]: Calling tweak class cpw.mods.fml.common.launcher.FMLTweaker
[01:33:07] [main/INFO] [GradleStart]: No arguments specified, assuming client.
[01:33:07] [main/INFO] [GradleStart]: Extra: []
[01:33:07] [main/INFO] [GradleStart]: Running with arguments: [--userProperties, {}, --tweakClass, cpw.mods.fml.common.launcher.FMLTweaker, --accessToken, {REDACTED}, --assetIndex, 1.7.10, --assetsDir, C:/Users/TJ/.gradle/caches/minecraft/assets, --version, 1.7.10]
[01:33:07] [main/INFO] [LaunchWrapper]: Loading tweak class name cpw.mods.fml.common.launcher.FMLTweaker
[01:33:07] [main/INFO] [LaunchWrapper]: Using primary tweak class name cpw.mods.fml.common.launcher.FMLTweaker
[01:33:07] [main/INFO] [LaunchWrapper]: Calling tweak class cpw.mods.fml.common.launcher.FMLTweaker
[01:34:38] [main/INFO] [GradleStart]: No arguments specified, assuming client.
[01:34:39] [main/INFO] [GradleStart]: Extra: []
[01:34:39] [main/INFO] [GradleStart]: Running with arguments: [--userProperties, {}, --tweakClass, cpw.mods.fml.common.launcher.FMLTweaker, --accessToken, {REDACTED}, --assetIndex, 1.7.10, --assetsDir, C:/Users/TJ/.gradle/caches/minecraft/assets, --version, 1.7.10]
[01:34:39] [main/INFO] [LaunchWrapper]: Loading tweak class name cpw.mods.fml.common.launcher.FMLTweaker
[01:34:39] [main/INFO] [LaunchWrapper]: Using primary tweak class name cpw.mods.fml.common.launcher.FMLTweaker
[01:34:39] [main/INFO] [LaunchWrapper]: Calling tweak class cpw.mods.fml.common.launcher.FMLTweaker
[01:38:22] [main/INFO] [GradleStart]: No arguments specified, assuming client.
[01:38:22] [main/INFO] [GradleStart]: Extra: []
[01:38:22] [main/INFO] [GradleStart]: Running with arguments: [--userProperties, {}, --tweakClass, cpw.mods.fml.common.launcher.FMLTweaker, --accessToken, {REDACTED}, --assetIndex, 1.7.10, --assetsDir, C:/Users/TJ/.gradle/caches/minecraft/assets, --version, 1.7.10]
[01:38:22] [main/INFO] [LaunchWrapper]: Loading tweak class name cpw.mods.fml.common.launcher.FMLTweaker
[01:38:22] [main/INFO] [LaunchWrapper]: Using primary tweak class name cpw.mods.fml.common.launcher.FMLTweaker
[01:38:22] [main/INFO] [LaunchWrapper]: Calling tweak class cpw.mods.fml.common.launcher.FMLTweaker
[01:49:49] [main/INFO] [GradleStart]: username: tdogg10@hotmail.com
[01:49:49] [main/INFO] [GradleStart]: Extra: []
[01:49:49] [main/INFO] [GradleStart]: Password found, attempting login
[01:49:51] [main/INFO] [GradleStart]: Login Succesful!
[01:49:51] [main/INFO] [GradleStart]: Running with arguments: [--userProperties, {}, --username, AnnihilateCats, --tweakClass, cpw.mods.fml.common.launcher.FMLTweaker, --accessToken, {REDACTED}, --assetIndex, 1.7.10, --uuid, c526ccbd41844a5caf125eb71775f625, --assetsDir, C:/Users/TJ/.gradle/caches/minecraft/assets, --version, 1.7.10]
[01:49:51] [main/INFO] [LaunchWrapper]: Loading tweak class name cpw.mods.fml.common.launcher.FMLTweaker
[01:49:51] [main/INFO] [LaunchWrapper]: Using primary tweak class name cpw.mods.fml.common.launcher.FMLTweaker
[01:49:51] [main/INFO] [LaunchWrapper]: Calling tweak class cpw.mods.fml.common.launcher.FMLTweaker
[01:59:41] [main/INFO] [GradleStart]: username: tdogg10@hotmail.com
[01:59:41] [main/INFO] [GradleStart]: Extra: []
[01:59:41] [main/INFO] [GradleStart]: Password found, attempting login
[01:59:42] [main/INFO] [GradleStart]: Login Succesful!
[01:59:42] [main/INFO] [GradleStart]: Running with arguments: [--userProperties, {}, --username, AnnihilateCats, --tweakClass, cpw.mods.fml.common.launcher.FMLTweaker, --accessToken, {REDACTED}, --assetIndex, 1.7.10, --uuid, c526ccbd41844a5caf125eb71775f625, --assetsDir, C:/Users/TJ/.gradle/caches/minecraft/assets, --version, 1.7.10]
[01:59:42] [main/INFO] [LaunchWrapper]: Loading tweak class name cpw.mods.fml.common.launcher.FMLTweaker
[01:59:42] [main/INFO] [LaunchWrapper]: Using primary tweak class name cpw.mods.fml.common.launcher.FMLTweaker
[01:59:42] [main/INFO] [LaunchWrapper]: Calling tweak class cpw.mods.fml.common.launcher.FMLTweaker
[02:03:02] [main/INFO] [GradleStart]: username: tdogg10@hotmail.com
[02:03:02] [main/INFO] [GradleStart]: Extra: []
[02:03:02] [main/INFO] [GradleStart]: Password found, attempting login
[02:03:03] [main/INFO] [GradleStart]: Login Succesful!
[02:03:03] [main/INFO] [GradleStart]: Running with arguments: [--userProperties, {}, --username, AnnihilateCats, --tweakClass, cpw.mods.fml.common.launcher.FMLTweaker, --accessToken, {REDACTED}, --assetIndex, 1.7.10, --uuid, c526ccbd41844a5caf125eb71775f625, --assetsDir, C:/Users/TJ/.gradle/caches/minecraft/assets, --version, 1.7.10]
[02:03:03] [main/INFO] [LaunchWrapper]: Loading tweak class name cpw.mods.fml.common.launcher.FMLTweaker
[02:03:03] [main/INFO] [LaunchWrapper]: Using primary tweak class name cpw.mods.fml.common.launcher.FMLTweaker
[02:03:03] [main/INFO] [LaunchWrapper]: Calling tweak class cpw.mods.fml.common.launcher.FMLTweaker
[02:04:45] [main/INFO] [GradleStart]: username: tdogg10@hotmail.com
[02:04:45] [main/INFO] [GradleStart]: Extra: []
[02:04:45] [main/INFO] [GradleStart]: Password found, attempting login
[02:04:46] [main/INFO] [GradleStart]: Login Succesful!
[02:04:47] [main/INFO] [GradleStart]: Running with arguments: [--userProperties, {}, --username, AnnihilateCats, --tweakClass, cpw.mods.fml.common.launcher.FMLTweaker, --accessToken, {REDACTED}, --assetIndex, 1.7.10, --uuid, c526ccbd41844a5caf125eb71775f625, --assetsDir, C:/Users/TJ/.gradle/caches/minecraft/assets, --version, 1.7.10]
[02:04:47] [main/INFO] [LaunchWrapper]: Loading tweak class name cpw.mods.fml.common.launcher.FMLTweaker
[02:04:47] [main/INFO] [LaunchWrapper]: Using primary tweak class name cpw.mods.fml.common.launcher.FMLTweaker
[02:04:47] [main/INFO] [LaunchWrapper]: Calling tweak class cpw.mods.fml.common.launcher.FMLTweaker
[02:27:07] [main/INFO] [GradleStart]: username: tdogg10@hotmail.com
[02:27:07] [main/INFO] [GradleStart]: Extra: []
[02:27:07] [main/INFO] [GradleStart]: Password found, attempting login
[02:27:09] [main/INFO] [GradleStart]: Login Succesful!
[02:27:09] [main/INFO] [GradleStart]: Running with arguments: [--userProperties, {}, --username, AnnihilateCats, --tweakClass, cpw.mods.fml.common.launcher.FMLTweaker, --accessToken, {REDACTED}, --assetIndex, 1.7.10, --uuid, c526ccbd41844a5caf125eb71775f625, --assetsDir, C:/Users/TJ/.gradle/caches/minecraft/assets, --version, 1.7.10]
[02:27:09] [main/INFO] [LaunchWrapper]: Loading tweak class name cpw.mods.fml.common.launcher.FMLTweaker
[02:27:09] [main/INFO] [LaunchWrapper]: Using primary tweak class name cpw.mods.fml.common.launcher.FMLTweaker
[02:27:09] [main/INFO] [LaunchWrapper]: Calling tweak class cpw.mods.fml.common.launcher.FMLTweaker
[13:57:54] [main/INFO] [GradleStart]: username: tdogg10@hotmail.com
[13:57:54] [main/INFO] [GradleStart]: Extra: []
[13:57:54] [main/INFO] [GradleStart]: Password found, attempting login
[13:57:55] [main/INFO] [GradleStart]: Login Succesful!
[13:57:55] [main/INFO] [GradleStart]: Running with arguments: [--userProperties, {}, --username, AnnihilateCats, --tweakClass, cpw.mods.fml.common.launcher.FMLTweaker, --accessToken, {REDACTED}, --assetIndex, 1.7.10, --uuid, c526ccbd41844a5caf125eb71775f625, --assetsDir, C:/Users/TJ/.gradle/caches/minecraft/assets, --version, 1.7.10]
[13:57:56] [main/INFO] [LaunchWrapper]: Loading tweak class name cpw.mods.fml.common.launcher.FMLTweaker
[13:57:56] [main/INFO] [LaunchWrapper]: Using primary tweak class name cpw.mods.fml.common.launcher.FMLTweaker
[13:57:56] [main/INFO] [LaunchWrapper]: Calling tweak class cpw.mods.fml.common.launcher.FMLTweaker
[14:13:01] [main/INFO] [GradleStart]: username: tdogg10@hotmail.com
[14:13:01] [main/INFO] [GradleStart]: Extra: []
[14:13:01] [main/INFO] [GradleStart]: Password found, attempting login
[14:13:02] [main/INFO] [GradleStart]: Login Succesful!
[14:13:02] [main/INFO] [GradleStart]: Running with arguments: [--userProperties, {}, --username, AnnihilateCats, --tweakClass, cpw.mods.fml.common.launcher.FMLTweaker, --accessToken, {REDACTED}, --assetIndex, 1.7.10, --uuid, c526ccbd41844a5caf125eb71775f625, --assetsDir, C:/Users/TJ/.gradle/caches/minecraft/assets, --version, 1.7.10]
[14:13:02] [main/INFO] [LaunchWrapper]: Loading tweak class name cpw.mods.fml.common.launcher.FMLTweaker
[14:13:02] [main/INFO] [LaunchWrapper]: Using primary tweak class name cpw.mods.fml.common.launcher.FMLTweaker
[14:13:02] [main/INFO] [LaunchWrapper]: Calling tweak class cpw.mods.fml.common.launcher.FMLTweaker
[14:18:41] [main/INFO] [GradleStart]: username: tdogg10@hotmail.com
[14:18:41] [main/INFO] [GradleStart]: Extra: []
[14:18:41] [main/INFO] [GradleStart]: Password found, attempting login
[14:18:43] [main/INFO] [GradleStart]: Login Succesful!
[14:18:43] [main/INFO] [GradleStart]: Running with arguments: [--userProperties, {}, --username, AnnihilateCats, --tweakClass, cpw.mods.fml.common.launcher.FMLTweaker, --accessToken, {REDACTED}, --assetIndex, 1.7.10, --uuid, c526ccbd41844a5caf125eb71775f625, --assetsDir, C:/Users/TJ/.gradle/caches/minecraft/assets, --version, 1.7.10]
[14:18:43] [main/INFO] [LaunchWrapper]: Loading tweak class name cpw.mods.fml.common.launcher.FMLTweaker
[14:18:43] [main/INFO] [LaunchWrapper]: Using primary tweak class name cpw.mods.fml.common.launcher.FMLTweaker
[14:18:43] [main/INFO] [LaunchWrapper]: Calling tweak class cpw.mods.fml.common.launcher.FMLTweaker
[14:22:32] [main/INFO] [GradleStart]: username: tdogg10@hotmail.com
[14:22:32] [main/INFO] [GradleStart]: Extra: []
[14:22:32] [main/INFO] [GradleStart]: Password found, attempting login
[14:22:34] [main/INFO] [GradleStart]: Login Succesful!
[14:22:34] [main/INFO] [GradleStart]: Running with arguments: [--userProperties, {}, --username, AnnihilateCats, --tweakClass, cpw.mods.fml.common.launcher.FMLTweaker, --accessToken, {REDACTED}, --assetIndex, 1.7.10, --uuid, c526ccbd41844a5caf125eb71775f625, --assetsDir, C:/Users/TJ/.gradle/caches/minecraft/assets, --version, 1.7.10]
[14:22:34] [main/INFO] [LaunchWrapper]: Loading tweak class name cpw.mods.fml.common.launcher.FMLTweaker
[14:22:34] [main/INFO] [LaunchWrapper]: Using primary tweak class name cpw.mods.fml.common.launcher.FMLTweaker
[14:22:34] [main/INFO] [LaunchWrapper]: Calling tweak class cpw.mods.fml.common.launcher.FMLTweaker
[14:37:02] [main/INFO] [GradleStart]: username: tdogg10@hotmail.com
[14:37:02] [main/INFO] [GradleStart]: Extra: []
[14:37:02] [main/INFO] [GradleStart]: Password found, attempting login
[14:37:03] [main/INFO] [GradleStart]: Login Succesful!
[14:37:03] [main/INFO] [GradleStart]: Running with arguments: [--userProperties, {}, --username, AnnihilateCats, --tweakClass, cpw.mods.fml.common.launcher.FMLTweaker, --accessToken, {REDACTED}, --assetIndex, 1.7.10, --uuid, c526ccbd41844a5caf125eb71775f625, --assetsDir, C:/Users/TJ/.gradle/caches/minecraft/assets, --version, 1.7.10]
[14:37:03] [main/INFO] [LaunchWrapper]: Loading tweak class name cpw.mods.fml.common.launcher.FMLTweaker
[14:37:04] [main/INFO] [LaunchWrapper]: Using primary tweak class name cpw.mods.fml.common.launcher.FMLTweaker
[14:37:04] [main/INFO] [LaunchWrapper]: Calling tweak class cpw.mods.fml.common.launcher.FMLTweaker
[14:41:11] [main/INFO] [GradleStart]: username: tdogg10@hotmail.com
[14:41:11] [main/INFO] [GradleStart]: Extra: []
[14:41:11] [main/INFO] [GradleStart]: Password found, attempting login
[14:41:12] [main/INFO] [GradleStart]: Login Succesful!
[14:41:12] [main/INFO] [GradleStart]: Running with arguments: [--userProperties, {}, --username, AnnihilateCats, --tweakClass, cpw.mods.fml.common.launcher.FMLTweaker, --accessToken, {REDACTED}, --assetIndex, 1.7.10, --uuid, c526ccbd41844a5caf125eb71775f625, --assetsDir, C:/Users/TJ/.gradle/caches/minecraft/assets, --version, 1.7.10]
[14:41:12] [main/INFO] [LaunchWrapper]: Loading tweak class name cpw.mods.fml.common.launcher.FMLTweaker
[14:41:12] [main/INFO] [LaunchWrapper]: Using primary tweak class name cpw.mods.fml.common.launcher.FMLTweaker
[14:41:12] [main/INFO] [LaunchWrapper]: Calling tweak class cpw.mods.fml.common.launcher.FMLTweaker
[14:43:15] [main/INFO] [GradleStart]: username: tdogg10@hotmail.com
[14:43:15] [main/INFO] [GradleStart]: Extra: []
[14:43:15] [main/INFO] [GradleStart]: Password found, attempting login
[14:43:16] [main/INFO] [GradleStart]: Login Succesful!
[14:43:16] [main/INFO] [GradleStart]: Running with arguments: [--userProperties, {}, --username, AnnihilateCats, --tweakClass, cpw.mods.fml.common.launcher.FMLTweaker, --accessToken, {REDACTED}, --assetIndex, 1.7.10, --uuid, c526ccbd41844a5caf125eb71775f625, --assetsDir, C:/Users/TJ/.gradle/caches/minecraft/assets, --version, 1.7.10]
[14:43:16] [main/INFO] [LaunchWrapper]: Loading tweak class name cpw.mods.fml.common.launcher.FMLTweaker
[14:43:16] [main/INFO] [LaunchWrapper]: Using primary tweak class name cpw.mods.fml.common.launcher.FMLTweaker
[14:43:16] [main/INFO] [LaunchWrapper]: Calling tweak class cpw.mods.fml.common.launcher.FMLTweaker
[14:44:32] [main/INFO] [GradleStart]: username: tdogg10@hotmail.com
[14:44:32] [main/INFO] [GradleStart]: Extra: []
[14:44:32] [main/INFO] [GradleStart]: Password found, attempting login
[14:44:33] [main/INFO] [GradleStart]: Login Succesful!
[14:44:33] [main/INFO] [GradleStart]: Running with arguments: [--userProperties, {}, --username, AnnihilateCats, --tweakClass, cpw.mods.fml.common.launcher.FMLTweaker, --accessToken, {REDACTED}, --assetIndex, 1.7.10, --uuid, c526ccbd41844a5caf125eb71775f625, --assetsDir, C:/Users/TJ/.gradle/caches/minecraft/assets, --version, 1.7.10]
[14:44:33] [main/INFO] [LaunchWrapper]: Loading tweak class name cpw.mods.fml.common.launcher.FMLTweaker
[14:44:33] [main/INFO] [LaunchWrapper]: Using primary tweak class name cpw.mods.fml.common.launcher.FMLTweaker
[14:44:33] [main/INFO] [LaunchWrapper]: Calling tweak class cpw.mods.fml.common.launcher.FMLTweaker
[15:08:12] [main/INFO] [GradleStart]: username: tdogg10@hotmail.com
[15:08:12] [main/INFO] [GradleStart]: Extra: []
[15:08:12] [main/INFO] [GradleStart]: Password found, attempting login
[15:08:13] [main/INFO] [GradleStart]: Login Succesful!
[15:08:13] [main/INFO] [GradleStart]: Running with arguments: [--userProperties, {}, --username, AnnihilateCats, --tweakClass, cpw.mods.fml.common.launcher.FMLTweaker, --accessToken, {REDACTED}, --assetIndex, 1.7.10, --uuid, c526ccbd41844a5caf125eb71775f625, --assetsDir, C:/Users/TJ/.gradle/caches/minecraft/assets, --version, 1.7.10]
[15:08:13] [main/INFO] [LaunchWrapper]: Loading tweak class name cpw.mods.fml.common.launcher.FMLTweaker
[15:08:13] [main/INFO] [LaunchWrapper]: Using primary tweak class name cpw.mods.fml.common.launcher.FMLTweaker
[15:08:13] [main/INFO] [LaunchWrapper]: Calling tweak class cpw.mods.fml.common.launcher.FMLTweaker
